错误文件:D:\app\PHPTutorial\WWW\TP\application\runtime\home\Ask\19eb26b9ed1b322ed6e9a097338362471b2b4a0c_0.file.answer.html.php行数:277错误提示:Undefined index: answer 时间:2019-09-23 IP:::1
错误文件:D:\app\PHPTutorial\WWW\TP\application\runtime\home\Ask\19eb26b9ed1b322ed6e9a097338362471b2b4a0c_0.file.answer.html.php行数:277错误提示:Undefined index: answer 时间:2019-09-23 IP:::1
错误文件:D:\app\PHPTutorial\WWW\TP\application\runtime\home\Ask\19eb26b9ed1b322ed6e9a097338362471b2b4a0c_0.file.answer.html.php行数:277错误提示:Undefined index: answer 时间:2019-09-23 IP:::1
错误文件:D:\app\PHPTutorial\WWW\TP\application\runtime\home\Ask\19eb26b9ed1b322ed6e9a097338362471b2b4a0c_0.file.answer.html.php行数:277错误提示:Undefined index: answer 时间:2019-09-23 IP:::1
错误文件:D:\app\PHPTutorial\WWW\TP\application\runtime\home\Ask\19eb26b9ed1b322ed6e9a097338362471b2b4a0c_0.file.answer.html.php行数:277错误提示:Undefined index: answer 时间:2019-09-23 IP:::1
错误文件:D:\app\PHPTutorial\WWW\TP\application\runtime\home\Ask\19eb26b9ed1b322ed6e9a097338362471b2b4a0c_0.file.answer.html.php行数:277错误提示:Undefined index: answer 时间:2019-09-23 IP:::1
错误文件:D:\app\PHPTutorial\WWW\TP\application\runtime\home\Ask\19eb26b9ed1b322ed6e9a097338362471b2b4a0c_0.file.answer.html.php行数:277错误提示:Undefined index: answer 时间:2019-09-23 IP:::1
错误文件:D:\app\PHPTutorial\WWW\TP\application\runtime\home\Ask\19eb26b9ed1b322ed6e9a097338362471b2b4a0c_0.file.answer.html.php行数:277错误提示:Undefined index: answer 时间:2019-09-23 IP:::1
错误文件:D:\app\PHPTutorial\WWW\TP\application\runtime\home\Ask\19eb26b9ed1b322ed6e9a097338362471b2b4a0c_0.file.answer.html.php行数:277错误提示:Undefined index: answer 时间:2019-09-23 IP:::1
错误文件:D:\app\PHPTutorial\WWW\TP\application\runtime\home\Ask\19eb26b9ed1b322ed6e9a097338362471b2b4a0c_0.file.answer.html.php行数:277错误提示:Undefined index: answer 时间:2019-09-23 IP:::1
错误文件:D:\app\PHPTutorial\WWW\TP\application\runtime\home\Ask\19eb26b9ed1b322ed6e9a097338362471b2b4a0c_0.file.answer.html.php行数:277错误提示:Undefined index: answer 时间:2019-09-23 IP:::1
错误文件:D:\app\PHPTutorial\WWW\TP\application\runtime\home\Ask\19eb26b9ed1b322ed6e9a097338362471b2b4a0c_0.file.answer.html.php行数:289错误提示:Illegal string offset 'answer_content' 时间:2019-09-23 IP:::1
错误文件:D:\app\PHPTutorial\WWW\TP\application\runtime\home\Ask\19eb26b9ed1b322ed6e9a097338362471b2b4a0c_0.file.answer.html.php行数:289错误提示:Illegal string offset 'answer_content' 时间:2019-09-23 IP:::1
错误文件:D:\app\PHPTutorial\WWW\TP\application\home\controller\AskController.class.php行数:84错误提示:Undefined index: ask_content 时间:2019-09-23 IP:::1
错误文件:D:\app\PHPTutorial\WWW\TP\application\home\controller\AskController.class.php行数:84错误提示:Undefined index: ask_content 时间:2019-09-23 IP:::1
错误文件:D:\app\PHPTutorial\WWW\TP\application\home\controller\AskController.class.php行数:84错误提示:Undefined index: ask_content 时间:2019-09-23 IP:::1
错误文件:D:\app\PHPTutorial\WWW\TP\application\home\controller\AskController.class.php行数:84错误提示:Undefined index: ask_content 时间:2019-09-23 IP:::1
错误文件:D:\app\PHPTutorial\WWW\TP\application\home\controller\AskController.class.php行数:84错误提示:Undefined index: ask_content 时间:2019-09-23 IP:::1
错误文件:D:\app\PHPTutorial\WWW\TP\application\runtime\home\Ask\19eb26b9ed1b322ed6e9a097338362471b2b4a0c_0.file.answer.html.php行数:289错误提示:Array to string conversion 时间:2019-09-23 IP:::1
错误文件:D:\app\PHPTutorial\WWW\TP\application\runtime\home\Ask\19eb26b9ed1b322ed6e9a097338362471b2b4a0c_0.file.answer.html.php行数:289错误提示:Illegal string offset 'answer_content' 时间:2019-09-23 IP:::1
错误文件:D:\app\PHPTutorial\WWW\TP\application\runtime\home\Ask\19eb26b9ed1b322ed6e9a097338362471b2b4a0c_0.file.answer.html.php行数:289错误提示:Illegal string offset 'answer_content' 时间:2019-09-23 IP:::1
错误文件:D:\app\PHPTutorial\WWW\TP\application\runtime\home\Ask\19eb26b9ed1b322ed6e9a097338362471b2b4a0c_0.file.answer.html.php行数:289错误提示:Undefined index: answer_content 时间:2019-09-23 IP:::1
错误文件:D:\app\PHPTutorial\WWW\TP\application\runtime\home\Ask\19eb26b9ed1b322ed6e9a097338362471b2b4a0c_0.file.answer.html.php行数:289错误提示:Illegal string offset 'answer_content' 时间:2019-09-23 IP:::1
错误文件:D:\app\PHPTutorial\WWW\TP\application\runtime\home\Ask\19eb26b9ed1b322ed6e9a097338362471b2b4a0c_0.file.answer.html.php行数:289错误提示:Undefined index: answer_content 时间:2019-09-23 IP:::1
错误文件:D:\app\PHPTutorial\WWW\TP\application\runtime\home\Ask\19eb26b9ed1b322ed6e9a097338362471b2b4a0c_0.file.answer.html.php行数:289错误提示:Undefined index: answer_content 时间:2019-09-23 IP:::1
错误文件:D:\app\PHPTutorial\WWW\TP\application\home\controller\AskController.class.php行数:96错误提示:Undefined variable: request 时间:2019-09-23 IP:::1
